<?xml version="1.0" encoding="UTF-8"?>
<testsuite xmlns:xsi="http://www.w3.org/2001/XMLSchema-instance" xsi:noNamespaceSchemaLocation="https://maven.apache.org/surefire/maven-surefire-plugin/xsd/surefire-test-report-3.0.xsd" version="3.0" name="modelo.dao.AlumnoDAOTest" time="0.007" tests="3" errors="0" skipped="0" failures="0">
  <properties>
    <property name="java.specification.version" value="20"/>
    <property name="sun.jnu.encoding" value="UTF-8"/>
    <property name="java.class.path" value="/Users/ellysxd/NetBeansProjects/CalifMavenVer/target/test-classes:/Users/ellysxd/NetBeansProjects/CalifMavenVer/target/classes:/Users/ellysxd/.m2/repository/junit/junit/4.13.2/junit-4.13.2.jar:/Users/ellysxd/.m2/repository/org/hamcrest/hamcrest-core/1.3/hamcrest-core-1.3.jar:/Users/ellysxd/.m2/repository/com/itextpdf/itextpdf/5.5.13.4/itextpdf-5.5.13.4.jar:/Users/ellysxd/.m2/repository/org/mockito/mockito-core/5.14.2/mockito-core-5.14.2.jar:/Users/ellysxd/.m2/repository/net/bytebuddy/byte-buddy/1.15.4/byte-buddy-1.15.4.jar:/Users/ellysxd/.m2/repository/net/bytebuddy/byte-buddy-agent/1.15.4/byte-buddy-agent-1.15.4.jar:/Users/ellysxd/.m2/repository/org/objenesis/objenesis/3.3/objenesis-3.3.jar:"/>
    <property name="java.vm.vendor" value="Oracle Corporation"/>
    <property name="sun.arch.data.model" value="64"/>
    <property name="java.vendor.url" value="https://java.oracle.com/"/>
    <property name="user.timezone" value="America/Merida"/>
    <property name="os.name" value="Mac OS X"/>
    <property name="java.vm.specification.version" value="20"/>
    <property name="user.country" value="419"/>
    <property name="sun.java.launcher" value="SUN_STANDARD"/>
    <property name="sun.boot.library.path" value="/Library/Java/JavaVirtualMachines/jdk-20.jdk/Contents/Home/lib"/>
    <property name="sun.java.command" value="/Users/ellysxd/NetBeansProjects/CalifMavenVer/target/surefire/surefirebooter-20250213143042393_3.jar /Users/ellysxd/NetBeansProjects/CalifMavenVer/target/surefire 2025-02-13T14-30-42_351-jvmRun1 surefire-20250213143042393_1tmp surefire_0-20250213143042393_2tmp"/>
    <property name="http.nonProxyHosts" value="local|*.local|169.254/16|*.169.254/16"/>
    <property name="jdk.debug" value="release"/>
    <property name="surefire.test.class.path" value="/Users/ellysxd/NetBeansProjects/CalifMavenVer/target/test-classes:/Users/ellysxd/NetBeansProjects/CalifMavenVer/target/classes:/Users/ellysxd/.m2/repository/junit/junit/4.13.2/junit-4.13.2.jar:/Users/ellysxd/.m2/repository/org/hamcrest/hamcrest-core/1.3/hamcrest-core-1.3.jar:/Users/ellysxd/.m2/repository/com/itextpdf/itextpdf/5.5.13.4/itextpdf-5.5.13.4.jar:/Users/ellysxd/.m2/repository/org/mockito/mockito-core/5.14.2/mockito-core-5.14.2.jar:/Users/ellysxd/.m2/repository/net/bytebuddy/byte-buddy/1.15.4/byte-buddy-1.15.4.jar:/Users/ellysxd/.m2/repository/net/bytebuddy/byte-buddy-agent/1.15.4/byte-buddy-agent-1.15.4.jar:/Users/ellysxd/.m2/repository/org/objenesis/objenesis/3.3/objenesis-3.3.jar:"/>
    <property name="sun.cpu.endian" value="little"/>
    <property name="user.home" value="/Users/ellysxd"/>
    <property name="user.language" value="es"/>
    <property name="java.specification.vendor" value="Oracle Corporation"/>
    <property name="java.version.date" value="2023-07-18"/>
    <property name="java.home" value="/Library/Java/JavaVirtualMachines/jdk-20.jdk/Contents/Home"/>
    <property name="file.separator" value="/"/>
    <property name="basedir" value="/Users/ellysxd/NetBeansProjects/CalifMavenVer"/>
    <property name="java.vm.compressedOopsMode" value="Zero based"/>
    <property name="line.separator" value="&#10;"/>
    <property name="java.vm.specification.vendor" value="Oracle Corporation"/>
    <property name="java.specification.name" value="Java Platform API Specification"/>
    <property name="apple.awt.application.name" value="ForkedBooter"/>
    <property name="surefire.real.class.path" value="/Users/ellysxd/NetBeansProjects/CalifMavenVer/target/surefire/surefirebooter-20250213143042393_3.jar"/>
    <property name="sun.management.compiler" value="HotSpot 64-Bit Tiered Compilers"/>
    <property name="ftp.nonProxyHosts" value="local|*.local|169.254/16|*.169.254/16"/>
    <property name="java.runtime.version" value="20.0.2+9-78"/>
    <property name="user.name" value="ellysxd"/>
    <property name="stdout.encoding" value="UTF-8"/>
    <property name="path.separator" value=":"/>
    <property name="os.version" value="15.1.1"/>
    <property name="java.runtime.name" value="Java(TM) SE Runtime Environment"/>
    <property name="file.encoding" value="UTF-8"/>
    <property name="java.vm.name" value="Java HotSpot(TM) 64-Bit Server VM"/>
    <property name="maven.ext.class.path" value="/Applications/NetBeans/Apache NetBeans 18.app/Contents/Resources/NetBeans/netbeans/java/maven-nblib/netbeans-eventspy.jar"/>
    <property name="localRepository" value="/Users/ellysxd/.m2/repository"/>
    <property name="java.vendor.url.bug" value="https://bugreport.java.com/bugreport/"/>
    <property name="java.io.tmpdir" value="/var/folders/st/db2dz8jn1ldb6k1c_rsypxc00000gn/T/"/>
    <property name="java.version" value="20.0.2"/>
    <property name="user.dir" value="/Users/ellysxd/NetBeansProjects/CalifMavenVer"/>
    <property name="os.arch" value="aarch64"/>
    <property name="java.vm.specification.name" value="Java Virtual Machine Specification"/>
    <property name="native.encoding" value="UTF-8"/>
    <property name="java.library.path" value="/Users/ellysxd/Library/Java/Extensions:/Library/Java/Extensions:/Network/Library/Java/Extensions:/System/Library/Java/Extensions:/usr/lib/java:."/>
    <property name="java.vm.info" value="mixed mode, sharing"/>
    <property name="stderr.encoding" value="UTF-8"/>
    <property name="java.vendor" value="Oracle Corporation"/>
    <property name="java.vm.version" value="20.0.2+9-78"/>
    <property name="sun.io.unicode.encoding" value="UnicodeBig"/>
    <property name="socksNonProxyHosts" value="local|*.local|169.254/16|*.169.254/16"/>
    <property name="java.class.version" value="64.0"/>
  </properties>
  <testcase name="testListaAlumnosVaciaInicialmente" classname="modelo.dao.AlumnoDAOTest" time="0"/>
  <testcase name="testExportarAlumnosACSV" classname="modelo.dao.AlumnoDAOTest" time="0.004">
    <system-out><![CDATA[Alumnos exportados exitosamente a: /var/folders/st/db2dz8jn1ldb6k1c_rsypxc00000gn/T/alumnos_test7640842351846344645.csv
]]></system-out>
  </testcase>
  <testcase name="testCargarAlumnosDesdeCSV" classname="modelo.dao.AlumnoDAOTest" time="0">
    <system-out><![CDATA[Alumnos cargados exitosamente desde: /var/folders/st/db2dz8jn1ldb6k1c_rsypxc00000gn/T/alumnos_test13043139475871180657.csv
]]></system-out>
  </testcase>
</testsuite>